1718198185.350225 client started (825777): version 3.4, socket /tmp/tmux-1000/default, protocol 8
1718198185.350259 on Linux 6.9.3-zen1-1-zen #1 ZEN SMP PREEMPT_DYNAMIC Fri, 31 May 2024 15:14:26 +0000
1718198185.350270 using libevent 2.1.12-stable poll
1718198185.350276 using ncurses 6.5 20240427
1718198185.350299 flags are 0x10010000
1718198185.350317 socket is /tmp/tmux-1000/default
1718198185.350330 trying connect
1718198185.350412 add peer 0x5be0f13b87e0: 6 ((nil))
1718198185.351030 sending message 100 to peer 0x5be0f13b87e0 (4 bytes)
1718198185.351108 sending message 111 to peer 0x5be0f13b87e0 (8 bytes)
1718198185.351123 sending message 101 to peer 0x5be0f13b87e0 (12 bytes)
1718198185.351129 sending message 109 to peer 0x5be0f13b87e0 (4 bytes)
1718198185.351137 sending message 102 to peer 0x5be0f13b87e0 (12 bytes)
1718198185.351144 sending message 108 to peer 0x5be0f13b87e0 (26 bytes)
1718198185.351152 sending message 112 to peer 0x5be0f13b87e0 (70 bytes)
1718198185.351160 sending message 112 to peer 0x5be0f13b87e0 (5 bytes)
1718198185.351169 sending message 112 to peer 0x5be0f13b87e0 (6 bytes)
1718198185.351176 sending message 112 to peer 0x5be0f13b87e0 (6 bytes)
1718198185.351182 sending message 112 to peer 0x5be0f13b87e0 (11 bytes)
1718198185.351191 sending message 112 to peer 0x5be0f13b87e0 (10 bytes)
1718198185.351197 sending message 112 to peer 0x5be0f13b87e0 (13 bytes)
1718198185.351204 sending message 112 to peer 0x5be0f13b87e0 (14 bytes)
1718198185.351209 sending message 112 to peer 0x5be0f13b87e0 (19 bytes)
1718198185.351216 sending message 112 to peer 0x5be0f13b87e0 (11 bytes)
1718198185.351223 sending message 112 to peer 0x5be0f13b87e0 (21 bytes)
1718198185.351231 sending message 112 to peer 0x5be0f13b87e0 (13 bytes)
1718198185.351240 sending message 112 to peer 0x5be0f13b87e0 (7 bytes)
1718198185.351247 sending message 112 to peer 0x5be0f13b87e0 (13 bytes)
1718198185.351253 sending message 112 to peer 0x5be0f13b87e0 (7 bytes)
1718198185.351260 sending message 112 to peer 0x5be0f13b87e0 (13 bytes)
1718198185.351267 sending message 112 to peer 0x5be0f13b87e0 (9 bytes)
1718198185.351274 sending message 112 to peer 0x5be0f13b87e0 (21 bytes)
1718198185.351281 sending message 112 to peer 0x5be0f13b87e0 (13 bytes)
1718198185.351287 sending message 112 to peer 0x5be0f13b87e0 (9 bytes)
1718198185.351294 sending message 112 to peer 0x5be0f13b87e0 (13 bytes)
1718198185.351301 sending message 112 to peer 0x5be0f13b87e0 (13 bytes)
1718198185.351308 sending message 112 to peer 0x5be0f13b87e0 (9 bytes)
1718198185.351317 sending message 112 to peer 0x5be0f13b87e0 (9 bytes)
1718198185.351326 sending message 112 to peer 0x5be0f13b87e0 (12 bytes)
1718198185.351333 sending message 112 to peer 0x5be0f13b87e0 (8 bytes)
1718198185.351340 sending message 112 to peer 0x5be0f13b87e0 (13 bytes)
1718198185.351348 sending message 112 to peer 0x5be0f13b87e0 (7 bytes)
1718198185.351356 sending message 112 to peer 0x5be0f13b87e0 (7 bytes)
1718198185.351370 sending message 112 to peer 0x5be0f13b87e0 (9 bytes)
1718198185.351379 sending message 112 to peer 0x5be0f13b87e0 (10 bytes)
1718198185.351385 sending message 112 to peer 0x5be0f13b87e0 (6 bytes)
1718198185.351394 sending message 112 to peer 0x5be0f13b87e0 (9 bytes)
1718198185.351405 sending message 112 to peer 0x5be0f13b87e0 (15 bytes)
1718198185.351415 sending message 112 to peer 0x5be0f13b87e0 (13 bytes)
1718198185.351430 sending message 112 to peer 0x5be0f13b87e0 (12 bytes)
1718198185.351442 sending message 112 to peer 0x5be0f13b87e0 (8 bytes)
1718198185.351458 sending message 112 to peer 0x5be0f13b87e0 (14 bytes)
1718198185.351469 sending message 112 to peer 0x5be0f13b87e0 (11 bytes)
1718198185.351478 sending message 112 to peer 0x5be0f13b87e0 (9 bytes)
1718198185.351491 sending message 112 to peer 0x5be0f13b87e0 (10 bytes)
1718198185.351568 sending message 112 to peer 0x5be0f13b87e0 (10 bytes)
1718198185.351592 sending message 112 to peer 0x5be0f13b87e0 (10 bytes)
1718198185.351602 sending message 112 to peer 0x5be0f13b87e0 (10 bytes)
1718198185.351611 sending message 112 to peer 0x5be0f13b87e0 (11 bytes)
1718198185.351693 sending message 112 to peer 0x5be0f13b87e0 (11 bytes)
1718198185.351711 sending message 112 to peer 0x5be0f13b87e0 (10 bytes)
1718198185.351717 sending message 112 to peer 0x5be0f13b87e0 (12 bytes)
1718198185.351722 sending message 112 to peer 0x5be0f13b87e0 (8 bytes)
1718198185.351728 sending message 112 to peer 0x5be0f13b87e0 (11 bytes)
1718198185.351733 sending message 112 to peer 0x5be0f13b87e0 (11 bytes)
1718198185.351738 sending message 112 to peer 0x5be0f13b87e0 (11 bytes)
1718198185.351744 sending message 112 to peer 0x5be0f13b87e0 (12 bytes)
1718198185.351748 sending message 112 to peer 0x5be0f13b87e0 (12 bytes)
1718198185.351753 sending message 112 to peer 0x5be0f13b87e0 (12 bytes)
1718198185.351758 sending message 112 to peer 0x5be0f13b87e0 (12 bytes)
1718198185.351763 sending message 112 to peer 0x5be0f13b87e0 (13 bytes)
1718198185.351768 sending message 112 to peer 0x5be0f13b87e0 (13 bytes)
1718198185.351773 sending message 112 to peer 0x5be0f13b87e0 (13 bytes)
1718198185.351778 sending message 112 to peer 0x5be0f13b87e0 (8 bytes)
1718198185.351783 sending message 112 to peer 0x5be0f13b87e0 (13 bytes)
1718198185.351789 sending message 112 to peer 0x5be0f13b87e0 (13 bytes)
1718198185.351794 sending message 112 to peer 0x5be0f13b87e0 (13 bytes)
1718198185.351799 sending message 112 to peer 0x5be0f13b87e0 (13 bytes)
1718198185.351804 sending message 112 to peer 0x5be0f13b87e0 (13 bytes)
1718198185.351809 sending message 112 to peer 0x5be0f13b87e0 (12 bytes)
1718198185.351814 sending message 112 to peer 0x5be0f13b87e0 (12 bytes)
1718198185.351819 sending message 112 to peer 0x5be0f13b87e0 (12 bytes)
1718198185.351824 sending message 112 to peer 0x5be0f13b87e0 (12 bytes)
1718198185.351829 sending message 112 to peer 0x5be0f13b87e0 (13 bytes)
1718198185.351834 sending message 112 to peer 0x5be0f13b87e0 (8 bytes)
1718198185.351839 sending message 112 to peer 0x5be0f13b87e0 (13 bytes)
1718198185.351845 sending message 112 to peer 0x5be0f13b87e0 (13 bytes)
1718198185.351849 sending message 112 to peer 0x5be0f13b87e0 (13 bytes)
1718198185.351854 sending message 112 to peer 0x5be0f13b87e0 (13 bytes)
1718198185.351860 sending message 112 to peer 0x5be0f13b87e0 (13 bytes)
1718198185.351865 sending message 112 to peer 0x5be0f13b87e0 (13 bytes)
1718198185.351870 sending message 112 to peer 0x5be0f13b87e0 (13 bytes)
1718198185.351874 sending message 112 to peer 0x5be0f13b87e0 (12 bytes)
1718198185.351879 sending message 112 to peer 0x5be0f13b87e0 (12 bytes)
1718198185.351887 sending message 112 to peer 0x5be0f13b87e0 (12 bytes)
1718198185.351893 sending message 112 to peer 0x5be0f13b87e0 (8 bytes)
1718198185.351897 sending message 112 to peer 0x5be0f13b87e0 (12 bytes)
1718198185.351902 sending message 112 to peer 0x5be0f13b87e0 (13 bytes)
1718198185.351908 sending message 112 to peer 0x5be0f13b87e0 (13 bytes)
1718198185.351913 sending message 112 to peer 0x5be0f13b87e0 (13 bytes)
1718198185.351922 sending message 112 to peer 0x5be0f13b87e0 (13 bytes)
1718198185.351940 sending message 112 to peer 0x5be0f13b87e0 (13 bytes)
1718198185.351952 sending message 112 to peer 0x5be0f13b87e0 (13 bytes)
1718198185.351962 sending message 112 to peer 0x5be0f13b87e0 (13 bytes)
1718198185.351970 sending message 112 to peer 0x5be0f13b87e0 (13 bytes)
1718198185.351977 sending message 112 to peer 0x5be0f13b87e0 (12 bytes)
1718198185.351987 sending message 112 to peer 0x5be0f13b87e0 (10 bytes)
1718198185.351997 sending message 112 to peer 0x5be0f13b87e0 (12 bytes)
1718198185.352005 sending message 112 to peer 0x5be0f13b87e0 (12 bytes)
1718198185.352012 sending message 112 to peer 0x5be0f13b87e0 (12 bytes)
1718198185.352017 sending message 112 to peer 0x5be0f13b87e0 (13 bytes)
1718198185.352022 sending message 112 to peer 0x5be0f13b87e0 (13 bytes)
1718198185.352027 sending message 112 to peer 0x5be0f13b87e0 (13 bytes)
1718198185.352032 sending message 112 to peer 0x5be0f13b87e0 (13 bytes)
1718198185.352036 sending message 112 to peer 0x5be0f13b87e0 (13 bytes)
1718198185.352041 sending message 112 to peer 0x5be0f13b87e0 (13 bytes)
1718198185.352055 sending message 112 to peer 0x5be0f13b87e0 (13 bytes)
1718198185.352061 sending message 112 to peer 0x5be0f13b87e0 (10 bytes)
1718198185.352066 sending message 112 to peer 0x5be0f13b87e0 (13 bytes)
1718198185.352071 sending message 112 to peer 0x5be0f13b87e0 (12 bytes)
1718198185.352075 sending message 112 to peer 0x5be0f13b87e0 (12 bytes)
1718198185.352080 sending message 112 to peer 0x5be0f13b87e0 (12 bytes)
1718198185.352085 sending message 112 to peer 0x5be0f13b87e0 (10 bytes)
1718198185.352090 sending message 112 to peer 0x5be0f13b87e0 (10 bytes)
1718198185.352095 sending message 112 to peer 0x5be0f13b87e0 (10 bytes)
1718198185.352100 sending message 112 to peer 0x5be0f13b87e0 (12 bytes)
1718198185.352104 sending message 112 to peer 0x5be0f13b87e0 (11 bytes)
1718198185.352109 sending message 112 to peer 0x5be0f13b87e0 (11 bytes)
1718198185.352114 sending message 112 to peer 0x5be0f13b87e0 (11 bytes)
1718198185.352119 sending message 112 to peer 0x5be0f13b87e0 (12 bytes)
1718198185.352123 sending message 112 to peer 0x5be0f13b87e0 (12 bytes)
1718198185.352128 sending message 112 to peer 0x5be0f13b87e0 (10 bytes)
1718198185.352149 sending message 112 to peer 0x5be0f13b87e0 (9 bytes)
1718198185.352154 sending message 112 to peer 0x5be0f13b87e0 (12 bytes)
1718198185.352159 sending message 112 to peer 0x5be0f13b87e0 (9 bytes)
1718198185.352164 sending message 112 to peer 0x5be0f13b87e0 (12 bytes)
1718198185.352169 sending message 112 to peer 0x5be0f13b87e0 (11 bytes)
1718198185.352174 sending message 112 to peer 0x5be0f13b87e0 (12 bytes)
1718198185.352179 sending message 112 to peer 0x5be0f13b87e0 (21 bytes)
1718198185.352184 sending message 112 to peer 0x5be0f13b87e0 (12 bytes)
1718198185.352188 sending message 112 to peer 0x5be0f13b87e0 (9 bytes)
1718198185.352193 sending message 112 to peer 0x5be0f13b87e0 (6 bytes)
1718198185.352198 sending message 112 to peer 0x5be0f13b87e0 (13 bytes)
1718198185.352203 sending message 112 to peer 0x5be0f13b87e0 (10 bytes)
1718198185.352208 sending message 112 to peer 0x5be0f13b87e0 (15 bytes)
1718198185.352213 sending message 112 to peer 0x5be0f13b87e0 (13 bytes)
1718198185.352217 sending message 112 to peer 0x5be0f13b87e0 (9 bytes)
1718198185.352222 sending message 112 to peer 0x5be0f13b87e0 (70 bytes)
1718198185.352227 sending message 112 to peer 0x5be0f13b87e0 (69 bytes)
1718198185.352232 sending message 112 to peer 0x5be0f13b87e0 (10 bytes)
1718198185.352237 sending message 112 to peer 0x5be0f13b87e0 (10 bytes)
1718198185.352242 sending message 112 to peer 0x5be0f13b87e0 (10 bytes)
1718198185.352247 sending message 112 to peer 0x5be0f13b87e0 (15 bytes)
1718198185.352252 sending message 112 to peer 0x5be0f13b87e0 (13 bytes)
1718198185.352257 sending message 112 to peer 0x5be0f13b87e0 (10 bytes)
1718198185.352261 sending message 112 to peer 0x5be0f13b87e0 (10 bytes)
1718198185.352267 sending message 112 to peer 0x5be0f13b87e0 (10 bytes)
1718198185.352272 sending message 112 to peer 0x5be0f13b87e0 (13 bytes)
1718198185.352277 sending message 112 to peer 0x5be0f13b87e0 (5 bytes)
1718198185.352282 sending message 112 to peer 0x5be0f13b87e0 (9 bytes)
1718198185.352287 sending message 112 to peer 0x5be0f13b87e0 (15 bytes)
1718198185.352293 sending message 104 to peer 0x5be0f13b87e0 (0 bytes)
1718198185.352299 sending message 110 to peer 0x5be0f13b87e0 (0 bytes)
1718198185.352305 sending message 107 to peer 0x5be0f13b87e0 (4 bytes)
1718198185.352310 sending message 105 to peer 0x5be0f13b87e0 (54 bytes)
1718198185.352315 sending message 105 to peer 0x5be0f13b87e0 (50 bytes)
1718198185.352320 sending message 105 to peer 0x5be0f13b87e0 (23 bytes)
1718198185.352325 sending message 105 to peer 0x5be0f13b87e0 (11 bytes)
1718198185.352330 sending message 105 to peer 0x5be0f13b87e0 (30 bytes)
1718198185.352335 sending message 105 to peer 0x5be0f13b87e0 (51 bytes)
1718198185.352340 sending message 105 to peer 0x5be0f13b87e0 (15 bytes)
1718198185.352345 sending message 105 to peer 0x5be0f13b87e0 (18 bytes)
1718198185.352349 sending message 105 to peer 0x5be0f13b87e0 (17 bytes)
1718198185.352360 sending message 105 to peer 0x5be0f13b87e0 (23 bytes)
1718198185.352365 sending message 105 to peer 0x5be0f13b87e0 (21 bytes)
1718198185.352370 sending message 105 to peer 0x5be0f13b87e0 (30 bytes)
1718198185.352375 sending message 105 to peer 0x5be0f13b87e0 (27 bytes)
1718198185.352380 sending message 105 to peer 0x5be0f13b87e0 (24 bytes)
1718198185.352384 sending message 105 to peer 0x5be0f13b87e0 (20 bytes)
1718198185.352389 sending message 105 to peer 0x5be0f13b87e0 (23 bytes)
1718198185.352395 sending message 105 to peer 0x5be0f13b87e0 (21 bytes)
1718198185.352400 sending message 105 to peer 0x5be0f13b87e0 (25 bytes)
1718198185.352405 sending message 105 to peer 0x5be0f13b87e0 (20 bytes)
1718198185.352410 sending message 105 to peer 0x5be0f13b87e0 (15 bytes)
1718198185.352415 sending message 105 to peer 0x5be0f13b87e0 (28 bytes)
1718198185.352420 sending message 105 to peer 0x5be0f13b87e0 (15 bytes)
1718198185.352425 sending message 105 to peer 0x5be0f13b87e0 (20 bytes)
1718198185.352430 sending message 105 to peer 0x5be0f13b87e0 (50 bytes)
1718198185.352435 sending message 105 to peer 0x5be0f13b87e0 (696 bytes)
1718198185.352441 sending message 105 to peer 0x5be0f13b87e0 (27 bytes)
1718198185.352446 sending message 105 to peer 0x5be0f13b87e0 (30 bytes)
1718198185.352451 sending message 105 to peer 0x5be0f13b87e0 (30 bytes)
1718198185.352456 sending message 105 to peer 0x5be0f13b87e0 (19 bytes)
1718198185.352461 sending message 105 to peer 0x5be0f13b87e0 (8 bytes)
1718198185.352466 sending message 105 to peer 0x5be0f13b87e0 (17 bytes)
1718198185.352470 sending message 105 to peer 0x5be0f13b87e0 (18 bytes)
1718198185.352475 sending message 105 to peer 0x5be0f13b87e0 (25 bytes)
1718198185.352480 sending message 105 to peer 0x5be0f13b87e0 (37 bytes)
1718198185.352485 sending message 105 to peer 0x5be0f13b87e0 (14 bytes)
1718198185.352490 sending message 105 to peer 0x5be0f13b87e0 (53 bytes)
1718198185.352507 sending message 105 to peer 0x5be0f13b87e0 (19 bytes)
1718198185.352516 sending message 105 to peer 0x5be0f13b87e0 (12 bytes)
1718198185.352523 sending message 105 to peer 0x5be0f13b87e0 (18 bytes)
1718198185.352531 sending message 105 to peer 0x5be0f13b87e0 (29 bytes)
1718198185.352538 sending message 105 to peer 0x5be0f13b87e0 (121 bytes)
1718198185.352546 sending message 105 to peer 0x5be0f13b87e0 (31 bytes)
1718198185.352553 sending message 105 to peer 0x5be0f13b87e0 (15 bytes)
1718198185.352560 sending message 105 to peer 0x5be0f13b87e0 (52 bytes)
1718198185.352567 sending message 105 to peer 0x5be0f13b87e0 (23 bytes)
1718198185.352574 sending message 105 to peer 0x5be0f13b87e0 (21 bytes)
1718198185.352581 sending message 105 to peer 0x5be0f13b87e0 (17 bytes)
1718198185.352589 sending message 105 to peer 0x5be0f13b87e0 (58 bytes)
1718198185.352598 sending message 105 to peer 0x5be0f13b87e0 (21 bytes)
1718198185.352614 sending message 105 to peer 0x5be0f13b87e0 (11 bytes)
1718198185.352624 sending message 105 to peer 0x5be0f13b87e0 (16 bytes)
1718198185.352632 sending message 105 to peer 0x5be0f13b87e0 (16 bytes)
1718198185.352641 sending message 105 to peer 0x5be0f13b87e0 (41 bytes)
1718198185.352649 sending message 105 to peer 0x5be0f13b87e0 (20 bytes)
1718198185.352659 sending message 105 to peer 0x5be0f13b87e0 (21 bytes)
1718198185.352667 sending message 105 to peer 0x5be0f13b87e0 (15 bytes)
1718198185.352675 sending message 105 to peer 0x5be0f13b87e0 (16 bytes)
1718198185.352683 sending message 105 to peer 0x5be0f13b87e0 (12 bytes)
1718198185.352691 sending message 105 to peer 0x5be0f13b87e0 (12 bytes)
1718198185.352698 sending message 105 to peer 0x5be0f13b87e0 (37 bytes)
1718198185.352706 sending message 105 to peer 0x5be0f13b87e0 (35 bytes)
1718198185.352715 sending message 105 to peer 0x5be0f13b87e0 (40 bytes)
1718198185.352722 sending message 105 to peer 0x5be0f13b87e0 (41 bytes)
1718198185.352730 sending message 105 to peer 0x5be0f13b87e0 (25 bytes)
1718198185.352740 sending message 105 to peer 0x5be0f13b87e0 (37 bytes)
1718198185.352751 sending message 105 to peer 0x5be0f13b87e0 (40 bytes)
1718198185.352768 sending message 105 to peer 0x5be0f13b87e0 (41 bytes)
1718198185.352774 sending message 105 to peer 0x5be0f13b87e0 (40 bytes)
1718198185.352779 sending message 105 to peer 0x5be0f13b87e0 (41 bytes)
1718198185.352784 sending message 105 to peer 0x5be0f13b87e0 (33 bytes)
1718198185.352789 sending message 105 to peer 0x5be0f13b87e0 (39 bytes)
1718198185.352794 sending message 105 to peer 0x5be0f13b87e0 (35 bytes)
1718198185.352799 sending message 105 to peer 0x5be0f13b87e0 (24 bytes)
1718198185.352804 sending message 105 to peer 0x5be0f13b87e0 (25 bytes)
1718198185.352809 sending message 105 to peer 0x5be0f13b87e0 (24 bytes)
1718198185.352814 sending message 105 to peer 0x5be0f13b87e0 (24 bytes)
1718198185.352819 sending message 105 to peer 0x5be0f13b87e0 (21 bytes)
1718198185.352823 sending message 105 to peer 0x5be0f13b87e0 (21 bytes)
1718198185.352829 sending message 105 to peer 0x5be0f13b87e0 (25 bytes)
1718198185.352834 sending message 105 to peer 0x5be0f13b87e0 (21 bytes)
1718198185.352839 sending message 105 to peer 0x5be0f13b87e0 (26 bytes)
1718198185.352844 sending message 105 to peer 0x5be0f13b87e0 (413 bytes)
1718198185.352851 sending message 105 to peer 0x5be0f13b87e0 (9582 bytes)
1718198185.352876 sending message 105 to peer 0x5be0f13b87e0 (21 bytes)
1718198185.352882 sending message 105 to peer 0x5be0f13b87e0 (19 bytes)
1718198185.352887 sending message 105 to peer 0x5be0f13b87e0 (13 bytes)
1718198185.352892 sending message 105 to peer 0x5be0f13b87e0 (26 bytes)
1718198185.352897 sending message 105 to peer 0x5be0f13b87e0 (45 bytes)
1718198185.352902 sending message 105 to peer 0x5be0f13b87e0 (27 bytes)
1718198185.352907 sending message 105 to peer 0x5be0f13b87e0 (72 bytes)
1718198185.352912 sending message 105 to peer 0x5be0f13b87e0 (32 bytes)
1718198185.352917 sending message 105 to peer 0x5be0f13b87e0 (18 bytes)
1718198185.352922 sending message 105 to peer 0x5be0f13b87e0 (38 bytes)
1718198185.352927 sending message 105 to peer 0x5be0f13b87e0 (45 bytes)
1718198185.352932 sending message 105 to peer 0x5be0f13b87e0 (40 bytes)
1718198185.352936 sending message 105 to peer 0x5be0f13b87e0 (16 bytes)
1718198185.352941 sending message 105 to peer 0x5be0f13b87e0 (18 bytes)
1718198185.352946 sending message 105 to peer 0x5be0f13b87e0 (19 bytes)
1718198185.352951 sending message 105 to peer 0x5be0f13b87e0 (38 bytes)
1718198185.352956 sending message 105 to peer 0x5be0f13b87e0 (60 bytes)
1718198185.352961 sending message 105 to peer 0x5be0f13b87e0 (15 bytes)
1718198185.352965 sending message 106 to peer 0x5be0f13b87e0 (0 bytes)
1718198185.353030 sending message 200 to peer 0x5be0f13b87e0 (4 bytes)
1718198185.353036 client loop enter
1718198185.354370 peer 0x5be0f13b87e0 message 303
1718198185.354384 open write file 2 -
1718198185.354396 sending message 305 to peer 0x5be0f13b87e0 (8 bytes)
1718198185.354415 write check file 2
1718198185.354726 peer 0x5be0f13b87e0 message 304
1718198185.354754 write 58 to file 2
1718198185.354762 peer 0x5be0f13b87e0 message 203
1718198185.354767 file 2 58 bytes left
1718198185.354784 write check file 2
1718198185.354789 client loop exit
